# JRE version: OpenJDK Runtime Environment Temurin-21.0.9+10 (21.0.9+10) (build 21.0.9+10-LTS)
# Java VM: OpenJDK 64-Bit Server VM Temurin-21.0.9+10 (21.0.9+10-LTS, mixed mode, emulated-client, sharing, tiered, compressed oops, compressed class ptrs, g1 gc, windows-amd64)
GC Precious Log:
 CardTable entry size: 512
 Card Set container configuration: InlinePtr #cards 5 size 8 Array Of Cards #cards 12 size 40 Howl #buckets 4 coarsen threshold 1843 Howl Bitmap #cards 512 size 80 coarsen threshold 460 Card regions per heap region 1 cards per card region 2048
 CPUs: 12 total, 12 available
 Memory: 7528M
 Large Page Support: Disabled
 NUMA Support: Disabled
 Compressed Oops: Enabled (32-bit)
 Heap Region Size: 1M
 Heap Min Capacity: 8M
 Heap Initial Capacity: 118M
 Heap Max Capacity: 1G
 Pre-touch: Disabled
 Parallel Workers: 10
 Concurrent Workers: 3
 Concurrent Refinement Workers: 10
 Periodic GC: Disabled
Heap:
 garbage-first heap   total 98304K, used 43343K [0x00000000c0000000, 0x0000000100000000)
  region size 1024K, 1 young (1024K), 0 survivors (0K)
 Metaspace       used 57958K, committed 58688K, reserved 1114112K
  class space    used 7364K, committed 7680K, reserved 1048576K
GC Heap History (20 events):
Event: 85902.482 GC heap after
{Heap after GC invocations=3553 (full 3537):
 garbage-first heap   total 98304K, used 43343K [0x00000000c0000000, 0x0000000100000000)
  region size 1024K, 0 young (0K), 0 survivors (0K)
 Metaspace       used 57958K, committed 58688K, reserved 1114112K
  class space    used 7364K, committed 7680K, reserved 1048576K
}
Event: 85912.722 GC heap before
{Heap before GC invocations=3553 (full 3537):
 garbage-first heap   total 98304K, used 43343K [0x00000000c0000000, 0x0000000100000000)
  region size 1024K, 1 young (1024K), 0 survivors (0K)
 Metaspace       used 57958K, committed 58688K, reserved 1114112K
  class space    used 7364K, committed 7680K, reserved 1048576K
}
Event: 85912.771 GC heap after
{Heap after GC invocations=3554 (full 3538):
 garbage-first heap   total 98304K, used 43343K [0x00000000c0000000, 0x0000000100000000)
  region size 1024K, 0 young (0K), 0 survivors (0K)
 Metaspace       used 57958K, committed 58688K, reserved 1114112K
  class space    used 7364K, committed 7680K, reserved 1048576K
}
Event: 85922.995 GC heap before
{Heap before GC invocations=3554 (full 3538):
 garbage-first heap   total 98304K, used 43343K [0x00000000c0000000, 0x0000000100000000)
  region size 1024K, 1 young (1024K), 0 survivors (0K)
 Metaspace       used 57958K, committed 58688K, reserved 1114112K
  class space    used 7364K, committed 7680K, reserved 1048576K
}
Event: 85923.045 GC heap after
{Heap after GC invocations=3555 (full 3539):
 garbage-first heap   total 98304K, used 43343K [0x00000000c0000000, 0x0000000100000000)
  region size 1024K, 0 young (0K), 0 survivors (0K)
 Metaspace       used 57958K, committed 58688K, reserved 1114112K
  class space    used 7364K, committed 7680K, reserved 1048576K
}
Event: 85933.257 GC heap before
{Heap before GC invocations=3555 (full 3539):
 garbage-first heap   total 98304K, used 43343K [0x00000000c0000000, 0x0000000100000000)
  region size 1024K, 1 young (1024K), 0 survivors (0K)
 Metaspace       used 57958K, committed 58688K, reserved 1114112K
  class space    used 7364K, committed 7680K, reserved 1048576K
}
Event: 85933.316 GC heap after
{Heap after GC invocations=3556 (full 3540):
 garbage-first heap   total 98304K, used 43343K [0x00000000c0000000, 0x0000000100000000)
  region size 1024K, 0 young (0K), 0 survivors (0K)
 Metaspace       used 57958K, committed 58688K, reserved 1114112K
  class space    used 7364K, committed 7680K, reserved 1048576K
}
Event: 85943.534 GC heap before
{Heap before GC invocations=3556 (full 3540):
 garbage-first heap   total 98304K, used 43343K [0x00000000c0000000, 0x0000000100000000)
  region size 1024K, 1 young (1024K), 0 survivors (0K)
 Metaspace       used 57958K, committed 58688K, reserved 1114112K
  class space    used 7364K, committed 7680K, reserved 1048576K
}
Event: 85943.585 GC heap after
{Heap after GC invocations=3557 (full 3541):
 garbage-first heap   total 98304K, used 43343K [0x00000000c0000000, 0x0000000100000000)
  region size 1024K, 0 young (0K), 0 survivors (0K)
 Metaspace       used 57958K, committed 58688K, reserved 1114112K
  class space    used 7364K, committed 7680K, reserved 1048576K
}
Event: 85954.185 GC heap before
{Heap before GC invocations=3557 (full 3541):
 garbage-first heap   total 98304K, used 43343K [0x00000000c0000000, 0x0000000100000000)
  region size 1024K, 1 young (1024K), 0 survivors (0K)
 Metaspace       used 57958K, committed 58688K, reserved 1114112K
  class space    used 7364K, committed 7680K, reserved 1048576K
}
Event: 85954.270 GC heap after
{Heap after GC invocations=3558 (full 3542):
 garbage-first heap   total 98304K, used 43343K [0x00000000c0000000, 0x0000000100000000)
  region size 1024K, 0 young (0K), 0 survivors (0K)
 Metaspace       used 57958K, committed 58688K, reserved 1114112K
  class space    used 7364K, committed 7680K, reserved 1048576K
}
Event: 85965.596 GC heap before
{Heap before GC invocations=3558 (full 3542):
 garbage-first heap   total 98304K, used 43343K [0x00000000c0000000, 0x0000000100000000)
  region size 1024K, 1 young (1024K), 0 survivors (0K)
 Metaspace       used 57958K, committed 58688K, reserved 1114112K
  class space    used 7364K, committed 7680K, reserved 1048576K
}
Event: 85966.118 GC heap after
{Heap after GC invocations=3559 (full 3543):
 garbage-first heap   total 98304K, used 43343K [0x00000000c0000000, 0x0000000100000000)
  region size 1024K, 0 young (0K), 0 survivors (0K)
 Metaspace       used 57958K, committed 58688K, reserved 1114112K
  class space    used 7364K, committed 7680K, reserved 1048576K
}
Event: 85976.747 GC heap before
{Heap before GC invocations=3559 (full 3543):
 garbage-first heap   total 98304K, used 43343K [0x00000000c0000000, 0x0000000100000000)
  region size 1024K, 1 young (1024K), 0 survivors (0K)
 Metaspace       used 57958K, committed 58688K, reserved 1114112K
  class space    used 7364K, committed 7680K, reserved 1048576K
}
Event: 85976.848 GC heap after
{Heap after GC invocations=3560 (full 3544):
 garbage-first heap   total 98304K, used 43343K [0x00000000c0000000, 0x0000000100000000)
  region size 1024K, 0 young (0K), 0 survivors (0K)
 Metaspace       used 57958K, committed 58688K, reserved 1114112K
  class space    used 7364K, committed 7680K, reserved 1048576K
}
Event: 85988.217 GC heap before
{Heap before GC invocations=3560 (full 3544):
 garbage-first heap   total 98304K, used 43343K [0x00000000c0000000, 0x0000000100000000)
  region size 1024K, 1 young (1024K), 0 survivors (0K)
 Metaspace       used 57958K, committed 58688K, reserved 1114112K
  class space    used 7364K, committed 7680K, reserved 1048576K
}
Event: 85988.324 GC heap after
{Heap after GC invocations=3561 (full 3545):
 garbage-first heap   total 98304K, used 43343K [0x00000000c0000000, 0x0000000100000000)
  region size 1024K, 0 young (0K), 0 survivors (0K)
 Metaspace       used 57958K, committed 58688K, reserved 1114112K
  class space    used 7364K, committed 7680K, reserved 1048576K
}
Event: 86000.135 GC heap before
{Heap before GC invocations=3561 (full 3545):
 garbage-first heap   total 98304K, used 43343K [0x00000000c0000000, 0x0000000100000000)
  region size 1024K, 1 young (1024K), 0 survivors (0K)
 Metaspace       used 57958K, committed 58688K, reserved 1114112K
  class space    used 7364K, committed 7680K, reserved 1048576K
}
Event: 86000.231 GC heap after
{Heap after GC invocations=3562 (full 3546):
 garbage-first heap   total 98304K, used 43343K [0x00000000c0000000, 0x0000000100000000)
  region size 1024K, 0 young (0K), 0 survivors (0K)
 Metaspace       used 57958K, committed 58688K, reserved 1114112K
  class space    used 7364K, committed 7680K, reserved 1048576K
}
Event: 86011.870 GC heap before
{Heap before GC invocations=3562 (full 3546):
 garbage-first heap   total 98304K, used 43343K [0x00000000c0000000, 0x0000000100000000)
  region size 1024K, 1 young (1024K), 0 survivors (0K)
 Metaspace       used 57958K, committed 58688K, reserved 1114112K
  class space    used 7364K, committed 7680K, reserved 1048576K
}

