# JRE version: OpenJDK Runtime Environment Temurin-21.0.9+10 (21.0.9+10) (build 21.0.9+10-LTS)
# Java VM: OpenJDK 64-Bit Server VM Temurin-21.0.9+10 (21.0.9+10-LTS, mixed mode, emulated-client, sharing, tiered, compressed oops, compressed class ptrs, g1 gc, windows-amd64)
GC Precious Log:
 CardTable entry size: 512
 Card Set container configuration: InlinePtr #cards 5 size 8 Array Of Cards #cards 12 size 40 Howl #buckets 4 coarsen threshold 1843 Howl Bitmap #cards 512 size 80 coarsen threshold 460 Card regions per heap region 1 cards per card region 2048
 CPUs: 12 total, 12 available
 Memory: 7528M
 Large Page Support: Disabled
 NUMA Support: Disabled
 Compressed Oops: Enabled (32-bit)
 Heap Region Size: 1M
 Heap Min Capacity: 8M
 Heap Initial Capacity: 118M
 Heap Max Capacity: 1G
 Pre-touch: Disabled
 Parallel Workers: 10
 Concurrent Workers: 3
 Concurrent Refinement Workers: 10
 Periodic GC: Disabled
Heap:
 garbage-first heap   total 101376K, used 43539K [0x00000000c0000000, 0x0000000100000000)
  region size 1024K, 1 young (1024K), 0 survivors (0K)
 Metaspace       used 58793K, committed 59648K, reserved 1114112K
  class space    used 7453K, committed 7808K, reserved 1048576K
GC Heap History (20 events):
Event: 46714.288 GC heap after
{Heap after GC invocations=1525 (full 1467):
 garbage-first heap   total 101376K, used 43539K [0x00000000c0000000, 0x0000000100000000)
  region size 1024K, 0 young (0K), 0 survivors (0K)
 Metaspace       used 58793K, committed 59648K, reserved 1114112K
  class space    used 7453K, committed 7808K, reserved 1048576K
}
Event: 46724.583 GC heap before
{Heap before GC invocations=1525 (full 1467):
 garbage-first heap   total 101376K, used 43539K [0x00000000c0000000, 0x0000000100000000)
  region size 1024K, 1 young (1024K), 0 survivors (0K)
 Metaspace       used 58793K, committed 59648K, reserved 1114112K
  class space    used 7453K, committed 7808K, reserved 1048576K
}
Event: 46724.644 GC heap after
{Heap after GC invocations=1526 (full 1468):
 garbage-first heap   total 101376K, used 43539K [0x00000000c0000000, 0x0000000100000000)
  region size 1024K, 0 young (0K), 0 survivors (0K)
 Metaspace       used 58793K, committed 59648K, reserved 1114112K
  class space    used 7453K, committed 7808K, reserved 1048576K
}
Event: 46734.935 GC heap before
{Heap before GC invocations=1526 (full 1468):
 garbage-first heap   total 101376K, used 43539K [0x00000000c0000000, 0x0000000100000000)
  region size 1024K, 1 young (1024K), 0 survivors (0K)
 Metaspace       used 58793K, committed 59648K, reserved 1114112K
  class space    used 7453K, committed 7808K, reserved 1048576K
}
Event: 46735.004 GC heap after
{Heap after GC invocations=1527 (full 1469):
 garbage-first heap   total 101376K, used 43539K [0x00000000c0000000, 0x0000000100000000)
  region size 1024K, 0 young (0K), 0 survivors (0K)
 Metaspace       used 58793K, committed 59648K, reserved 1114112K
  class space    used 7453K, committed 7808K, reserved 1048576K
}
Event: 46745.416 GC heap before
{Heap before GC invocations=1527 (full 1469):
 garbage-first heap   total 101376K, used 43539K [0x00000000c0000000, 0x0000000100000000)
  region size 1024K, 1 young (1024K), 0 survivors (0K)
 Metaspace       used 58793K, committed 59648K, reserved 1114112K
  class space    used 7453K, committed 7808K, reserved 1048576K
}
Event: 46745.482 GC heap after
{Heap after GC invocations=1528 (full 1470):
 garbage-first heap   total 101376K, used 43539K [0x00000000c0000000, 0x0000000100000000)
  region size 1024K, 0 young (0K), 0 survivors (0K)
 Metaspace       used 58793K, committed 59648K, reserved 1114112K
  class space    used 7453K, committed 7808K, reserved 1048576K
}
Event: 46755.998 GC heap before
{Heap before GC invocations=1528 (full 1470):
 garbage-first heap   total 101376K, used 43539K [0x00000000c0000000, 0x0000000100000000)
  region size 1024K, 1 young (1024K), 0 survivors (0K)
 Metaspace       used 58793K, committed 59648K, reserved 1114112K
  class space    used 7453K, committed 7808K, reserved 1048576K
}
Event: 46756.066 GC heap after
{Heap after GC invocations=1529 (full 1471):
 garbage-first heap   total 101376K, used 43539K [0x00000000c0000000, 0x0000000100000000)
  region size 1024K, 0 young (0K), 0 survivors (0K)
 Metaspace       used 58793K, committed 59648K, reserved 1114112K
  class space    used 7453K, committed 7808K, reserved 1048576K
}
Event: 46766.614 GC heap before
{Heap before GC invocations=1529 (full 1471):
 garbage-first heap   total 101376K, used 43539K [0x00000000c0000000, 0x0000000100000000)
  region size 1024K, 1 young (1024K), 0 survivors (0K)
 Metaspace       used 58793K, committed 59648K, reserved 1114112K
  class space    used 7453K, committed 7808K, reserved 1048576K
}
Event: 46766.714 GC heap after
{Heap after GC invocations=1530 (full 1472):
 garbage-first heap   total 101376K, used 43539K [0x00000000c0000000, 0x0000000100000000)
  region size 1024K, 0 young (0K), 0 survivors (0K)
 Metaspace       used 58793K, committed 59648K, reserved 1114112K
  class space    used 7453K, committed 7808K, reserved 1048576K
}
Event: 46777.337 GC heap before
{Heap before GC invocations=1530 (full 1472):
 garbage-first heap   total 101376K, used 43539K [0x00000000c0000000, 0x0000000100000000)
  region size 1024K, 1 young (1024K), 0 survivors (0K)
 Metaspace       used 58793K, committed 59648K, reserved 1114112K
  class space    used 7453K, committed 7808K, reserved 1048576K
}
Event: 46777.437 GC heap after
{Heap after GC invocations=1531 (full 1473):
 garbage-first heap   total 101376K, used 43539K [0x00000000c0000000, 0x0000000100000000)
  region size 1024K, 0 young (0K), 0 survivors (0K)
 Metaspace       used 58793K, committed 59648K, reserved 1114112K
  class space    used 7453K, committed 7808K, reserved 1048576K
}
Event: 46788.124 GC heap before
{Heap before GC invocations=1531 (full 1473):
 garbage-first heap   total 101376K, used 43539K [0x00000000c0000000, 0x0000000100000000)
  region size 1024K, 1 young (1024K), 0 survivors (0K)
 Metaspace       used 58793K, committed 59648K, reserved 1114112K
  class space    used 7453K, committed 7808K, reserved 1048576K
}
Event: 46788.258 GC heap after
{Heap after GC invocations=1532 (full 1474):
 garbage-first heap   total 101376K, used 43539K [0x00000000c0000000, 0x0000000100000000)
  region size 1024K, 0 young (0K), 0 survivors (0K)
 Metaspace       used 58793K, committed 59648K, reserved 1114112K
  class space    used 7453K, committed 7808K, reserved 1048576K
}
Event: 46798.827 GC heap before
{Heap before GC invocations=1532 (full 1474):
 garbage-first heap   total 101376K, used 43539K [0x00000000c0000000, 0x0000000100000000)
  region size 1024K, 1 young (1024K), 0 survivors (0K)
 Metaspace       used 58793K, committed 59648K, reserved 1114112K
  class space    used 7453K, committed 7808K, reserved 1048576K
}
Event: 46798.914 GC heap after
{Heap after GC invocations=1533 (full 1475):
 garbage-first heap   total 101376K, used 43539K [0x00000000c0000000, 0x0000000100000000)
  region size 1024K, 0 young (0K), 0 survivors (0K)
 Metaspace       used 58793K, committed 59648K, reserved 1114112K
  class space    used 7453K, committed 7808K, reserved 1048576K
}
Event: 46809.322 GC heap before
{Heap before GC invocations=1533 (full 1475):
 garbage-first heap   total 101376K, used 43539K [0x00000000c0000000, 0x0000000100000000)
  region size 1024K, 1 young (1024K), 0 survivors (0K)
 Metaspace       used 58793K, committed 59648K, reserved 1114112K
  class space    used 7453K, committed 7808K, reserved 1048576K
}
Event: 46809.399 GC heap after
{Heap after GC invocations=1534 (full 1476):
 garbage-first heap   total 101376K, used 43539K [0x00000000c0000000, 0x0000000100000000)
  region size 1024K, 0 young (0K), 0 survivors (0K)
 Metaspace       used 58793K, committed 59648K, reserved 1114112K
  class space    used 7453K, committed 7808K, reserved 1048576K
}
Event: 46829.539 GC heap before
{Heap before GC invocations=1534 (full 1476):
 garbage-first heap   total 101376K, used 43539K [0x00000000c0000000, 0x0000000100000000)
  region size 1024K, 1 young (1024K), 0 survivors (0K)
 Metaspace       used 58793K, committed 59648K, reserved 1114112K
  class space    used 7453K, committed 7808K, reserved 1048576K
}

