# JRE version: OpenJDK Runtime Environment Temurin-21.0.9+10 (21.0.9+10) (build 21.0.9+10-LTS)
# Java VM: OpenJDK 64-Bit Server VM Temurin-21.0.9+10 (21.0.9+10-LTS, mixed mode, emulated-client, sharing, tiered, compressed oops, compressed class ptrs, g1 gc, windows-amd64)
GC Precious Log:
 CardTable entry size: 512
 Card Set container configuration: InlinePtr #cards 5 size 8 Array Of Cards #cards 12 size 40 Howl #buckets 4 coarsen threshold 1843 Howl Bitmap #cards 512 size 80 coarsen threshold 460 Card regions per heap region 1 cards per card region 2048
 CPUs: 12 total, 12 available
 Memory: 7528M
 Large Page Support: Disabled
 NUMA Support: Disabled
 Compressed Oops: Enabled (32-bit)
 Heap Region Size: 1M
 Heap Min Capacity: 8M
 Heap Initial Capacity: 118M
 Heap Max Capacity: 1G
 Pre-touch: Disabled
 Parallel Workers: 10
 Concurrent Workers: 3
 Concurrent Refinement Workers: 10
 Periodic GC: Disabled
Heap:
 garbage-first heap   total 101376K, used 42844K [0x00000000c0000000, 0x0000000100000000)
  region size 1024K, 1 young (1024K), 0 survivors (0K)
 Metaspace       used 53431K, committed 54976K, reserved 1114112K
  class space    used 6768K, committed 7424K, reserved 1048576K
GC Heap History (20 events):
Event: 17156.979 GC heap after
{Heap after GC invocations=1536 (full 1524):
 garbage-first heap   total 101376K, used 42844K [0x00000000c0000000, 0x0000000100000000)
  region size 1024K, 0 young (0K), 0 survivors (0K)
 Metaspace       used 53431K, committed 54976K, reserved 1114112K
  class space    used 6768K, committed 7424K, reserved 1048576K
}
Event: 17167.239 GC heap before
{Heap before GC invocations=1536 (full 1524):
 garbage-first heap   total 101376K, used 42844K [0x00000000c0000000, 0x0000000100000000)
  region size 1024K, 1 young (1024K), 0 survivors (0K)
 Metaspace       used 53431K, committed 54976K, reserved 1114112K
  class space    used 6768K, committed 7424K, reserved 1048576K
}
Event: 17167.286 GC heap after
{Heap after GC invocations=1537 (full 1525):
 garbage-first heap   total 101376K, used 42844K [0x00000000c0000000, 0x0000000100000000)
  region size 1024K, 0 young (0K), 0 survivors (0K)
 Metaspace       used 53431K, committed 54976K, reserved 1114112K
  class space    used 6768K, committed 7424K, reserved 1048576K
}
Event: 17177.560 GC heap before
{Heap before GC invocations=1537 (full 1525):
 garbage-first heap   total 101376K, used 42844K [0x00000000c0000000, 0x0000000100000000)
  region size 1024K, 1 young (1024K), 0 survivors (0K)
 Metaspace       used 53431K, committed 54976K, reserved 1114112K
  class space    used 6768K, committed 7424K, reserved 1048576K
}
Event: 17177.605 GC heap after
{Heap after GC invocations=1538 (full 1526):
 garbage-first heap   total 101376K, used 42844K [0x00000000c0000000, 0x0000000100000000)
  region size 1024K, 0 young (0K), 0 survivors (0K)
 Metaspace       used 53431K, committed 54976K, reserved 1114112K
  class space    used 6768K, committed 7424K, reserved 1048576K
}
Event: 17187.926 GC heap before
{Heap before GC invocations=1538 (full 1526):
 garbage-first heap   total 101376K, used 42844K [0x00000000c0000000, 0x0000000100000000)
  region size 1024K, 1 young (1024K), 0 survivors (0K)
 Metaspace       used 53431K, committed 54976K, reserved 1114112K
  class space    used 6768K, committed 7424K, reserved 1048576K
}
Event: 17187.978 GC heap after
{Heap after GC invocations=1539 (full 1527):
 garbage-first heap   total 101376K, used 42844K [0x00000000c0000000, 0x0000000100000000)
  region size 1024K, 0 young (0K), 0 survivors (0K)
 Metaspace       used 53431K, committed 54976K, reserved 1114112K
  class space    used 6768K, committed 7424K, reserved 1048576K
}
Event: 17198.217 GC heap before
{Heap before GC invocations=1539 (full 1527):
 garbage-first heap   total 101376K, used 42844K [0x00000000c0000000, 0x0000000100000000)
  region size 1024K, 1 young (1024K), 0 survivors (0K)
 Metaspace       used 53431K, committed 54976K, reserved 1114112K
  class space    used 6768K, committed 7424K, reserved 1048576K
}
Event: 17198.253 GC heap after
{Heap after GC invocations=1540 (full 1528):
 garbage-first heap   total 101376K, used 42844K [0x00000000c0000000, 0x0000000100000000)
  region size 1024K, 0 young (0K), 0 survivors (0K)
 Metaspace       used 53431K, committed 54976K, reserved 1114112K
  class space    used 6768K, committed 7424K, reserved 1048576K
}
Event: 17208.502 GC heap before
{Heap before GC invocations=1540 (full 1528):
 garbage-first heap   total 101376K, used 42844K [0x00000000c0000000, 0x0000000100000000)
  region size 1024K, 1 young (1024K), 0 survivors (0K)
 Metaspace       used 53431K, committed 54976K, reserved 1114112K
  class space    used 6768K, committed 7424K, reserved 1048576K
}
Event: 17208.541 GC heap after
{Heap after GC invocations=1541 (full 1529):
 garbage-first heap   total 101376K, used 42844K [0x00000000c0000000, 0x0000000100000000)
  region size 1024K, 0 young (0K), 0 survivors (0K)
 Metaspace       used 53431K, committed 54976K, reserved 1114112K
  class space    used 6768K, committed 7424K, reserved 1048576K
}
Event: 17218.808 GC heap before
{Heap before GC invocations=1541 (full 1529):
 garbage-first heap   total 101376K, used 42844K [0x00000000c0000000, 0x0000000100000000)
  region size 1024K, 1 young (1024K), 0 survivors (0K)
 Metaspace       used 53431K, committed 54976K, reserved 1114112K
  class space    used 6768K, committed 7424K, reserved 1048576K
}
Event: 17218.846 GC heap after
{Heap after GC invocations=1542 (full 1530):
 garbage-first heap   total 101376K, used 42844K [0x00000000c0000000, 0x0000000100000000)
  region size 1024K, 0 young (0K), 0 survivors (0K)
 Metaspace       used 53431K, committed 54976K, reserved 1114112K
  class space    used 6768K, committed 7424K, reserved 1048576K
}
Event: 17229.107 GC heap before
{Heap before GC invocations=1542 (full 1530):
 garbage-first heap   total 101376K, used 42844K [0x00000000c0000000, 0x0000000100000000)
  region size 1024K, 1 young (1024K), 0 survivors (0K)
 Metaspace       used 53431K, committed 54976K, reserved 1114112K
  class space    used 6768K, committed 7424K, reserved 1048576K
}
Event: 17229.147 GC heap after
{Heap after GC invocations=1543 (full 1531):
 garbage-first heap   total 101376K, used 42844K [0x00000000c0000000, 0x0000000100000000)
  region size 1024K, 0 young (0K), 0 survivors (0K)
 Metaspace       used 53431K, committed 54976K, reserved 1114112K
  class space    used 6768K, committed 7424K, reserved 1048576K
}
Event: 17239.409 GC heap before
{Heap before GC invocations=1543 (full 1531):
 garbage-first heap   total 101376K, used 42844K [0x00000000c0000000, 0x0000000100000000)
  region size 1024K, 1 young (1024K), 0 survivors (0K)
 Metaspace       used 53431K, committed 54976K, reserved 1114112K
  class space    used 6768K, committed 7424K, reserved 1048576K
}
Event: 17239.453 GC heap after
{Heap after GC invocations=1544 (full 1532):
 garbage-first heap   total 101376K, used 42844K [0x00000000c0000000, 0x0000000100000000)
  region size 1024K, 0 young (0K), 0 survivors (0K)
 Metaspace       used 53431K, committed 54976K, reserved 1114112K
  class space    used 6768K, committed 7424K, reserved 1048576K
}
Event: 17250.175 GC heap before
{Heap before GC invocations=1544 (full 1532):
 garbage-first heap   total 101376K, used 42844K [0x00000000c0000000, 0x0000000100000000)
  region size 1024K, 1 young (1024K), 0 survivors (0K)
 Metaspace       used 53431K, committed 54976K, reserved 1114112K
  class space    used 6768K, committed 7424K, reserved 1048576K
}
Event: 17250.295 GC heap after
{Heap after GC invocations=1545 (full 1533):
 garbage-first heap   total 101376K, used 42844K [0x00000000c0000000, 0x0000000100000000)
  region size 1024K, 0 young (0K), 0 survivors (0K)
 Metaspace       used 53431K, committed 54976K, reserved 1114112K
  class space    used 6768K, committed 7424K, reserved 1048576K
}
Event: 17271.364 GC heap before
{Heap before GC invocations=1545 (full 1533):
 garbage-first heap   total 101376K, used 42844K [0x00000000c0000000, 0x0000000100000000)
  region size 1024K, 1 young (1024K), 0 survivors (0K)
 Metaspace       used 53431K, committed 54976K, reserved 1114112K
  class space    used 6768K, committed 7424K, reserved 1048576K
}

