# JRE version: OpenJDK Runtime Environment Temurin-21.0.9+10 (21.0.9+10) (build 21.0.9+10-LTS)
# Java VM: OpenJDK 64-Bit Server VM Temurin-21.0.9+10 (21.0.9+10-LTS, mixed mode, emulated-client, sharing, tiered, compressed oops, compressed class ptrs, g1 gc, windows-amd64)
GC Precious Log:
 CardTable entry size: 512
 Card Set container configuration: InlinePtr #cards 5 size 8 Array Of Cards #cards 12 size 40 Howl #buckets 4 coarsen threshold 1843 Howl Bitmap #cards 512 size 80 coarsen threshold 460 Card regions per heap region 1 cards per card region 2048
 CPUs: 12 total, 12 available
 Memory: 7528M
 Large Page Support: Disabled
 NUMA Support: Disabled
 Compressed Oops: Enabled (32-bit)
 Heap Region Size: 1M
 Heap Min Capacity: 8M
 Heap Initial Capacity: 118M
 Heap Max Capacity: 1G
 Pre-touch: Disabled
 Parallel Workers: 10
 Concurrent Workers: 3
 Concurrent Refinement Workers: 10
 Periodic GC: Disabled
Heap:
 garbage-first heap   total 82944K, used 28235K [0x00000000c0000000, 0x0000000100000000)
  region size 1024K, 1 young (1024K), 1 survivors (1024K)
 Metaspace       used 36662K, committed 37312K, reserved 1114112K
  class space    used 4869K, committed 5184K, reserved 1048576K
GC Heap History (17 events):
Event: 0.589 GC heap before
{Heap before GC invocations=0 (full 0):
 garbage-first heap   total 120832K, used 24576K [0x00000000c0000000, 0x0000000100000000)
  region size 1024K, 23 young (23552K), 0 survivors (0K)
 Metaspace       used 2905K, committed 3072K, reserved 1114112K
  class space    used 382K, committed 448K, reserved 1048576K
}
Event: 0.599 GC heap after
{Heap after GC invocations=1 (full 0):
 garbage-first heap   total 120832K, used 11600K [0x00000000c0000000, 0x0000000100000000)
  region size 1024K, 3 young (3072K), 3 survivors (3072K)
 Metaspace       used 2905K, committed 3072K, reserved 1114112K
  class space    used 382K, committed 448K, reserved 1048576K
}
Event: 1.343 GC heap before
{Heap before GC invocations=1 (full 0):
 garbage-first heap   total 120832K, used 34128K [0x00000000c0000000, 0x0000000100000000)
  region size 1024K, 25 young (25600K), 3 survivors (3072K)
 Metaspace       used 9862K, committed 10112K, reserved 1114112K
  class space    used 1375K, committed 1472K, reserved 1048576K
}
Event: 1.351 GC heap after
{Heap after GC invocations=2 (full 0):
 garbage-first heap   total 120832K, used 15780K [0x00000000c0000000, 0x0000000100000000)
  region size 1024K, 4 young (4096K), 4 survivors (4096K)
 Metaspace       used 9862K, committed 10112K, reserved 1114112K
  class space    used 1375K, committed 1472K, reserved 1048576K
}
Event: 1.900 GC heap before
{Heap before GC invocations=2 (full 0):
 garbage-first heap   total 120832K, used 56740K [0x00000000c0000000, 0x0000000100000000)
  region size 1024K, 44 young (45056K), 4 survivors (4096K)
 Metaspace       used 18502K, committed 18752K, reserved 1114112K
  class space    used 2435K, committed 2560K, reserved 1048576K
}
Event: 1.908 GC heap after
{Heap after GC invocations=3 (full 0):
 garbage-first heap   total 120832K, used 18745K [0x00000000c0000000, 0x0000000100000000)
  region size 1024K, 4 young (4096K), 4 survivors (4096K)
 Metaspace       used 18502K, committed 18752K, reserved 1114112K
  class space    used 2435K, committed 2560K, reserved 1048576K
}
Event: 2.290 GC heap before
{Heap before GC invocations=3 (full 0):
 garbage-first heap   total 120832K, used 37177K [0x00000000c0000000, 0x0000000100000000)
  region size 1024K, 24 young (24576K), 4 survivors (4096K)
 Metaspace       used 21198K, committed 21504K, reserved 1114112K
  class space    used 2768K, committed 2944K, reserved 1048576K
}
Event: 2.293 GC heap after
{Heap after GC invocations=4 (full 0):
 garbage-first heap   total 120832K, used 20284K [0x00000000c0000000, 0x0000000100000000)
  region size 1024K, 6 young (6144K), 6 survivors (6144K)
 Metaspace       used 21198K, committed 21504K, reserved 1114112K
  class space    used 2768K, committed 2944K, reserved 1048576K
}
Event: 2.938 GC heap before
{Heap before GC invocations=5 (full 0):
 garbage-first heap   total 71680K, used 69436K [0x00000000c0000000, 0x0000000100000000)
  region size 1024K, 51 young (52224K), 6 survivors (6144K)
 Metaspace       used 29193K, committed 29696K, reserved 1114112K
  class space    used 3683K, committed 3904K, reserved 1048576K
}
Event: 2.950 GC heap after
{Heap after GC invocations=6 (full 0):
 garbage-first heap   total 82944K, used 25363K [0x00000000c0000000, 0x0000000100000000)
  region size 1024K, 7 young (7168K), 7 survivors (7168K)
 Metaspace       used 29193K, committed 29696K, reserved 1114112K
  class space    used 3683K, committed 3904K, reserved 1048576K
}
Event: 5.431 GC heap before
{Heap before GC invocations=6 (full 0):
 garbage-first heap   total 82944K, used 57107K [0x00000000c0000000, 0x0000000100000000)
  region size 1024K, 39 young (39936K), 7 survivors (7168K)
 Metaspace       used 35351K, committed 35968K, reserved 1114112K
  class space    used 4649K, committed 4928K, reserved 1048576K
}
Event: 6.129 GC heap after
{Heap after GC invocations=7 (full 0):
 garbage-first heap   total 82944K, used 28300K [0x00000000c0000000, 0x0000000100000000)
  region size 1024K, 4 young (4096K), 4 survivors (4096K)
 Metaspace       used 35351K, committed 35968K, reserved 1114112K
  class space    used 4649K, committed 4928K, reserved 1048576K
}
Event: 6.135 GC heap before
{Heap before GC invocations=7 (full 0):
 garbage-first heap   total 82944K, used 29324K [0x00000000c0000000, 0x0000000100000000)
  region size 1024K, 5 young (5120K), 4 survivors (4096K)
 Metaspace       used 35431K, committed 36096K, reserved 1114112K
  class space    used 4663K, committed 4928K, reserved 1048576K
}
Event: 6.137 GC heap after
{Heap after GC invocations=8 (full 0):
 garbage-first heap   total 82944K, used 28588K [0x00000000c0000000, 0x0000000100000000)
  region size 1024K, 1 young (1024K), 1 survivors (1024K)
 Metaspace       used 35431K, committed 36096K, reserved 1114112K
  class space    used 4663K, committed 4928K, reserved 1048576K
}
Event: 6.179 GC heap before
{Heap before GC invocations=9 (full 0):
 garbage-first heap   total 82944K, used 30636K [0x00000000c0000000, 0x0000000100000000)
  region size 1024K, 4 young (4096K), 1 survivors (1024K)
 Metaspace       used 36179K, committed 36800K, reserved 1114112K
  class space    used 4794K, committed 5056K, reserved 1048576K
}
Event: 6.180 GC heap after
{Heap after GC invocations=10 (full 0):
 garbage-first heap   total 82944K, used 28152K [0x00000000c0000000, 0x0000000100000000)
  region size 1024K, 1 young (1024K), 1 survivors (1024K)
 Metaspace       used 36179K, committed 36800K, reserved 1114112K
  class space    used 4794K, committed 5056K, reserved 1048576K
}
Event: 6.742 GC heap before
{Heap before GC invocations=10 (full 0):
 garbage-first heap   total 82944K, used 30200K [0x00000000c0000000, 0x0000000100000000)
  region size 1024K, 4 young (4096K), 1 survivors (1024K)
 Metaspace       used 36662K, committed 37312K, reserved 1114112K
  class space    used 4869K, committed 5184K, reserved 1048576K
}

